07:35:30 [6633] log-in
08:06:42 [8749] log-in
08:38:06 [1265] log-in
08:38:19 [8465] log-in
08:53:48 [5748] log-in
09:27:51 [7677] log-in
09:33:25 [5050] log-in
09:41:58 [5503] log-in
10:08:11 [8011] log-in
10:10:41 [7056] log-in
10:28:08 [1944] log-in
10:56:47 [1692] log-in
11:24:03 [1117] log-in
11:43:11 [1528] log-in
12:05:16 [2243] log-in
12:08:26 [4884] log-in
12:37:50 [7960] log-in
13:07:17 [8128] log-in
13:07:48 [4606] log-in
13:42:07 [3646] log-in
13:59:33 [4569] log-in
14:10:18 [4811] log-in
14:44:29 [1026] log-in
15:10:47 [1624] log-in
15:30:23 [2028] log-in
16:02:39 [2258] log-in
16:09:22 [9437] log-in
16:39:36 [7477] log-in
16:55:00 [2693] log-in
17:30:33 [8465] phone-call
17:32:13 [6633] log-out
17:52:16 [8749] log-out
18:08:42 [1265] log-out
18:11:43 [8465] log-out
18:15:14 [5748] log-out
18:47:58 [7677] log-out
19:02:28 [5050] log-out
19:08:56 [5503] log-out
19:27:20 [8011] log-out
19:46:29 [7056] log-out
20:10:00 [1944] log-out
20:10:01 [1692] log-out
20:30:36 [1117] log-out
20:41:02 [1528] log-out
20:54:04 [2243] log-out
20:55:35 [4884] log-out
20:57:57 [7960] log-out
21:04:35 [8128] log-out
21:14:01 [4606] log-out
21:18:20 [3646] log-out
21:47:04 [4569] log-out
21:54:23 [4811] log-out
22:22:44 [1026] log-out
22:53:48 [1624] log-out
23:03:55 [2028] log-out
23:22:31 [2258] log-out
23:31:07 [9437] log-out
00:02:07 [7477] log-out
00:04:15 [2693] log-out
07:42:08 [6633] log-in
08:02:38 [8749] log-in
08:04:06 [1265] log-in
08:13:36 [8465] log-in
08:44:12 [5748] log-in
09:00:27 [7677] log-in
09:08:39 [5050] log-in
09:32:07 [5503] log-in
09:54:20 [8011] log-in
10:21:55 [7056] log-in
10:45:57 [1944] log-in
11:04:03 [1692] log-in
11:23:44 [1117] log-in
11:54:15 [1528] log-in
12:01:52 [2243] log-in
12:34:09 [4884] log-in
12:37:38 [7960] log-in
13:12:59 [8128] log-in
13:45:04 [4606] log-in
13:54:28 [3646] log-in
14:13:39 [4569] log-in
14:34:40 [4811] log-in
15:03:04 [1026] log-in
15:25:47 [1624] log-in
15:48:48 [2028] log-in
15:53:49 [2258] log-in
16:01:22 [9437] log-in
16:02:34 [7477] log-in
16:23:34 [2693] log-in
16:35:13 [2693] deposit
16:46:28 [1692] withdraw
16:56:45 [4884] phone-call
17:06:19 [4569] phone-call
17:27:23 [7677] deposit
17:49:58 [7056] withdraw
18:16:01 [6633] log-out
18:39:02 [8749] log-out
19:03:07 [1265] log-out
19:32:35 [8465] log-out
20:02:01 [5748] log-out
20:34:01 [7677] log-out
20:53:11 [5050] log-out
21:15:46 [5503] log-out
21:19:58 [8011] log-out
21:21:40 [7056] log-out
21:49:01 [1944] log-out
21:53:31 [1692] log-out
22:13:44 [1117] log-out
22:17:04 [1528] log-out
22:29:43 [2243] log-out
22:56:14 [4884] log-out
23:25:44 [7960] log-out
23:42:07 [8128] log-out
23:52:38 [4606] log-out
00:17:19 [3646] log-out
00:39:36 [4569] log-out
00:48:53 [4811] log-out
00:49:05 [1026] log-out
01:06:42 [1624] log-out
01:18:22 [2028] log-out
01:21:48 [2258] log-out
01:45:51 [9437] log-out
01:46:26 [7477] log-out
02:02:47 [2693] log-out
07:50:17 [6633] log-in
08:19:20 [8749] log-in
08:34:04 [1265] log-in
08:50:37 [8465] log-in
09:24:42 [5748] log-in
09:26:59 [7677] log-in
10:01:31 [5050] log-in
10:37:02 [5503] log-in
10:47:14 [8011] log-in
11:05:54 [7056] log-in
11:26:10 [1944] log-in
11:26:16 [1692] log-in
11:35:29 [1117] log-in
11:58:06 [1528] log-in
12:20:25 [2243] log-in
12:49:37 [4884] log-in
12:55:17 [7960] log-in
13:06:33 [8128] log-in
13:36:58 [4606] log-in
14:07:10 [3646] log-in
14:32:41 [4569] log-in
14:38:03 [4811] log-in
14:55:36 [1026] log-in
15:25:01 [1624] log-in
15:32:42 [2028] log-in
15:33:48 [2258] log-in
15:49:49 [9437] log-in
16:00:05 [7477] log-in
16:33:22 [2693] log-in
17:07:45 [3646] withdraw
17:26:54 [8128] phone-call
17:27:07 [5503] withdraw
17:48:12 [1117] phone-call
18:19:21 [6633] log-out
18:52:33 [8749] log-out
19:03:59 [1265] log-out
19:29:14 [8465] log-out
19:32:56 [5748] log-out
19:37:34 [7677] log-out
20:09:48 [5050] log-out
20:23:30 [5503] log-out
20:57:55 [8011] log-out
21:24:30 [7056] log-out
21:57:58 [1944] log-out
22:08:04 [1692] log-out
22:19:49 [1117] log-out
22:44:18 [1528] log-out
22:59:02 [2243] log-out
23:27:21 [4884] log-out
23:31:45 [7960] log-out
23:36:15 [8128] log-out
23:45:41 [4606] log-out
00:19:24 [3646] log-out
00:22:35 [4569] log-out
00:54:03 [4811] log-out
01:13:19 [1026] log-out
01:29:52 [1624] log-out
01:32:17 [2028] log-out
01:46:57 [2258] log-out
02:19:34 [9437] log-out
02:40:10 [7477] log-out
02:44:31 [2693] log-out
07:54:36 [6633] log-in
08:22:58 [8749] log-in
08:36:38 [1265] log-in
09:05:46 [8465] log-in
09:13:20 [5748] log-in
09:32:20 [7677] log-in
09:42:45 [5050] log-in
09:45:23 [5503] log-in
09:45:32 [8011] log-in
09:55:55 [7056] log-in
09:59:56 [1944] log-in
10:29:24 [1692] log-in
10:41:58 [1117] log-in
10:42:38 [1528] log-in
11:11:57 [2243] log-in
11:13:57 [4884] log-in
11:24:37 [7960] log-in
11:45:16 [8128] log-in
11:55:32 [4606] log-in
12:13:17 [3646] log-in
12:26:19 [4569] log-in
12:43:28 [4811] log-in
13:00:09 [1026] log-in
13:23:36 [1624] log-in
13:34:44 [2028] log-in
14:08:29 [2258] log-in
14:10:29 [9437] log-in
14:23:52 [7477] log-in
14:42:28 [2693] log-in
14:43:57 [1026] withdraw
14:45:17 [5503] withdraw
15:20:38 [1692] withdraw
15:43:38 [3646] phone-call
15:45:12 [8128] withdraw
16:20:37 [4884] phone-call
16:50:37 [2258] deposit
16:55:13 [1117] deposit
17:07:56 [5503] deposit
17:28:28 [2258] withdraw
17:36:01 [4606] phone-call
17:42:15 [6633] log-out
17:49:48 [8749] log-out
18:18:32 [1265] log-out
18:23:56 [8465] log-out
18:37:40 [5748] log-out
19:09:23 [7677] log-out
19:30:34 [5050] log-out
19:51:41 [5503] log-out
20:22:18 [8011] log-out
20:42:34 [7056] log-out
21:13:34 [1944] log-out
21:33:10 [1692] log-out
21:45:29 [1117] log-out
22:05:05 [1528] log-out
22:16:25 [2243] log-out
22:46:52 [4884] log-out
22:52:09 [7960] log-out
22:58:32 [8128] log-out
23:05:51 [4606] log-out
23:18:01 [3646] log-out
23:18:41 [4569] log-out
23:30:16 [4811] log-out
23:31:20 [1026] log-out
23:38:29 [1624] log-out
23:55:40 [2028] log-out
23:57:51 [2258] log-out
00:02:56 [9437] log-out
00:26:30 [7477] log-out
00:54:11 [2693] log-out
07:31:25 [6633] log-in
08:04:36 [8749] log-in
08:26:43 [1265] log-in
09:02:19 [8465] log-in
09:25:24 [5748] log-in
09:36:05 [7677] log-in
10:09:17 [5050] log-in
10:13:31 [5503] log-in
10:29:14 [8011] log-in
10:55:48 [7056] log-in
11:06:54 [1944] log-in
11:39:23 [1692] log-in
12:03:57 [1117] log-in
12:12:09 [1528] log-in
12:22:17 [2243] log-in
12:28:37 [4884] log-in
12:38:04 [7960] log-in
12:55:47 [8128] log-in
13:15:24 [4606] log-in
13:24:42 [3646] log-in
13:30:26 [4569] log-in
13:54:11 [4811] log-in
13:59:56 [1026] log-in
14:06:09 [1624] log-in
14:24:37 [2028] log-in
14:28:42 [2258] log-in
14:53:07 [9437] log-in
15:27:32 [7477] log-in
15:42:05 [2693] log-in
15:51:43 [2028] deposit
15:53:19 [2693] phone-call
16:19:59 [9437] deposit
16:24:37 [7477] phone-call
16:32:46 [4811] phone-call
16:50:49 [8128] withdraw
16:52:55 [9437] deposit
17:20:04 [1692] withdraw
17:32:23 [4569] withdraw
17:57:58 [6633] log-out
18:15:43 [8749] log-out
18:47:52 [1265] log-out
18:48:27 [8465] log-out
19:10:00 [5748] log-out
19:16:16 [7677] log-out
19:42:51 [5050] log-out
20:11:02 [5503] log-out
20:15:43 [8011] log-out
20:31:17 [7056] log-out
21:04:39 [1944] log-out
21:35:04 [1692] log-out
21:38:49 [1117] log-out
21:51:27 [1528] log-out
22:12:02 [2243] log-out
22:47:46 [4884] log-out
23:03:47 [7960] log-out
23:21:25 [8128] log-out
23:53:28 [4606] log-out
00:29:04 [3646] log-out
00:34:24 [4569] log-out
00:37:06 [4811] log-out
01:02:29 [1026] log-out
01:23:51 [1624] log-out
01:25:06 [2028] log-out
01:42:32 [2258] log-out
01:57:41 [9437] log-out
02:04:43 [7477] log-out
02:06:07 [2693] log-out
08:03:23 [6633] log-in
08:29:29 [8749] log-in
08:58:11 [1265] log-in
09:09:50 [8465] log-in
09:31:11 [5748] log-in
09:53:19 [7677] log-in
10:16:03 [5050] log-in
10:24:21 [5503] log-in
10:55:47 [8011] log-in
11:08:05 [7056] log-in
11:22:33 [1944] log-in
11:29:46 [1692] log-in
11:45:57 [1117] log-in
11:59:35 [1528] log-in
12:17:43 [2243] log-in
12:37:11 [4884] log-in
12:47:37 [7960] log-in
13:01:47 [8128] log-in
13:26:32 [4606] log-in
13:37:15 [3646] log-in
13:44:20 [4569] log-in
13:54:54 [4811] log-in
13:59:58 [1026] log-in
14:06:29 [1624] log-in
14:40:50 [2028] log-in
15:00:09 [2258] log-in
15:07:47 [9437] log-in
15:29:50 [7477] log-in
15:54:28 [2693] log-in
16:03:40 [2693] withdraw
16:23:50 [4569] deposit
16:40:52 [4569] phone-call
16:58:14 [1944] phone-call
17:30:35 [1624] phone-call
17:58:46 [6633] log-out
17:58:49 [8749] log-out
18:19:12 [1265] log-out
18:29:27 [8465] log-out
18:29:28 [5748] log-out
18:32:33 [7677] log-out
18:40:01 [5050] log-out
18:59:40 [5503] log-out
19:24:59 [8011] log-out
19:58:01 [7056] log-out
20:04:25 [1944] log-out
20:11:40 [1692] log-out
20:39:21 [1117] log-out
21:02:57 [1528] log-out
21:38:32 [2243] log-out
21:48:42 [4884] log-out
22:15:09 [7960] log-out
22:16:24 [8128] log-out
22:21:33 [4606] log-out
22:28:49 [3646] log-out
22:36:13 [4569] log-out
22:41:29 [4811] log-out
22:43:53 [1026] log-out
23:14:05 [1624] log-out
23:37:39 [2028] log-out
23:59:00 [2258] log-out
00:08:10 [9437] log-out
00:27:30 [7477] log-out
00:50:58 [2693] log-out
07:58:05 [6633] log-in
08:15:20 [8749] log-in
08:42:50 [1265] log-in
08:54:12 [8465] log-in
09:19:29 [5748] log-in
09:31:34 [7677] log-in
09:48:17 [5050] log-in
09:52:55 [5503] log-in
10:07:14 [8011] log-in
10:24:56 [7056] log-in
10:47:12 [1944] log-in
10:58:50 [1692] log-in
11:18:25 [1117] log-in
11:18:44 [1528] log-in
11:37:47 [2243] log-in
11:38:26 [4884] log-in
12:05:07 [7960] log-in
12:31:09 [8128] log-in
12:34:17 [4606] log-in
13:06:25 [3646] log-in
13:40:34 [4569] log-in
14:09:59 [4811] log-in
14:27:12 [1026] log-in
14:50:12 [1624] log-in
14:54:47 [2028] log-in
14:55:24 [2258] log-in
15:12:08 [9437] log-in
15:39:50 [7477] log-in
16:03:59 [2693] log-in
16:38:17 [4606] withdraw
16:39:31 [4569] deposit
16:46:08 [3646] phone-call
16:51:20 [2258] withdraw
16:53:56 [1026] withdraw
17:26:02 [8465] withdraw
17:47:30 [7677] withdraw
17:48:55 [6633] log-out
17:49:19 [8749] log-out
18:01:47 [1265] log-out
18:29:17 [8465] log-out
18:30:20 [5748] log-out
18:58:38 [7677] log-out
19:23:12 [5050] log-out
19:48:37 [5503] log-out
20:14:47 [8011] log-out
20:18:15 [7056] log-out
20:27:24 [1944] log-out
21:02:09 [1692] log-out
21:11:39 [1117] log-out
21:25:46 [1528] log-out
21:34:24 [2243] log-out
22:05:37 [4884] log-out
22:36:52 [7960] log-out
22:41:32 [8128] log-out
22:46:57 [4606] log-out
22:58:28 [3646] log-out
23:07:12 [4569] log-out
23:28:18 [4811] log-out
23:58:02 [1026] log-out
00:05:27 [1624] log-out
00:29:57 [2028] log-out
00:46:06 [2258] log-out
00:50:51 [9437] log-out
00:56:10 [7477] log-out
00:56:53 [2693] log-out
07:55:18 [6633] log-in
08:18:31 [8749] log-in
08:42:52 [1265] log-in
09:05:29 [8465] log-in
09:33:13 [5748] log-in
09:56:15 [7677] log-in
10:19:54 [5050] log-in
10:43:26 [5503] log-in
11:15:04 [8011] log-in
11:38:32 [7056] log-in
12:07:15 [1944] log-in
12:14:36 [1692] log-in
12:28:06 [1117] log-in
12:35:12 [1528] log-in
13:05:32 [2243] log-in
13:15:55 [4884] log-in
13:51:22 [7960] log-in
14:19:30 [8128] log-in
14:26:02 [4606] log-in
14:57:23 [3646] log-in
15:24:01 [4569] log-in
15:30:42 [4811] log-in
15:47:00 [1026] log-in
15:49:34 [1624] log-in
16:24:08 [2028] log-in
16:45:26 [2258] log-in
16:55:32 [9437] log-in
16:56:49 [7477] log-in
17:18:50 [2693] log-in
17:50:26 [4569] deposit
17:57:31 [6633] log-out
18:15:05 [8749] log-out
18:24:33 [1265] log-out
18:40:18 [8465] log-out
19:06:48 [5748] log-out
19:29:25 [7677] log-out
19:55:27 [5050] log-out
20:17:00 [5503] log-out
20:26:07 [8011] log-out
20:37:09 [7056] log-out
20:59:36 [1944] log-out
21:27:06 [1692] log-out
21:39:06 [1117] log-out
21:45:34 [1528] log-out
21:54:57 [2243] log-out
21:56:23 [4884] log-out
22:09:36 [7960] log-out
22:37:56 [8128] log-out
23:13:24 [4606] log-out
23:26:54 [3646] log-out
23:49:37 [4569] log-out
23:54:58 [4811] log-out
00:25:33 [1026] log-out
00:58:38 [1624] log-out
01:12:58 [2028] log-out
01:18:03 [2258] log-out
01:30:33 [9437] log-out
02:02:02 [7477] log-out
02:23:10 [2693] log-out
07:47:10 [6633] log-in
07:58:53 [8749] log-in
08:02:36 [1265] log-in
08:38:14 [8465] log-in
08:46:24 [5748] log-in
08:55:41 [7677] log-in
09:28:49 [5050] log-in
10:03:19 [5503] log-in
10:04:46 [8011] log-in
10:06:31 [7056] log-in
10:17:56 [1944] log-in
10:28:20 [1692] log-in
10:31:49 [1117] log-in
10:46:13 [1528] log-in
11:01:40 [2243] log-in
11:18:04 [4884] log-in
11:48:48 [7960] log-in
12:19:31 [8128] log-in
12:47:58 [4606] log-in
13:09:03 [3646] log-in
13:11:41 [4569] log-in
13:17:04 [4811] log-in
13:17:08 [1026] log-in
13:36:15 [1624] log-in
13:59:20 [2028] log-in
14:08:40 [2258] log-in
14:17:25 [9437] log-in
14:35:10 [7477] log-in
15:03:47 [2693] log-in
15:27:13 [4606] deposit
15:46:41 [4811] withdraw
15:56:57 [4606] deposit
15:59:58 [1026] deposit
16:02:14 [7677] withdraw
16:09:55 [4811] withdraw
16:40:38 [3646] phone-call
16:56:43 [1692] withdraw
16:58:47 [6633] withdraw
17:02:56 [4569] withdraw
17:29:31 [2258] withdraw
18:02:15 [8749] phone-call
18:06:28 [6633] log-out
18:26:01 [8749] log-out
18:28:13 [1265] log-out
18:53:20 [8465] log-out
19:28:01 [5748] log-out
19:28:33 [7677] log-out
19:33:08 [5050] log-out
20:05:34 [5503] log-out
20:32:00 [8011] log-out
20:56:30 [7056] log-out
21:08:15 [1944] log-out
21:38:57 [1692] log-out
22:08:26 [1117] log-out
22:41:34 [1528] log-out
22:43:35 [2243] log-out
23:15:15 [4884] log-out
23:18:49 [7960] log-out
23:48:01 [8128] log-out
00:15:40 [4606] log-out
00:16:21 [3646] log-out
00:17:24 [4569] log-out
00:24:51 [4811] log-out
00:43:07 [1026] log-out
01:01:35 [1624] log-out
01:15:40 [2028] log-out
01:42:52 [2258] log-out
02:18:11 [9437] log-out
02:21:48 [7477] log-out
02:34:25 [2693] log-out
07:38:34 [6633] log-in
07:54:18 [8749] log-in
08:18:33 [1265] log-in
08:46:35 [8465] log-in
09:13:00 [5748] log-in
09:17:34 [7677] log-in
09:31:19 [5050] log-in
09:43:53 [5503] log-in
09:50:36 [8011] log-in
10:24:13 [7056] log-in
10:55:44 [1944] log-in
11:20:04 [1692] log-in
11:38:32 [1117] log-in
12:03:35 [1528] log-in
12:17:54 [2243] log-in
12:26:38 [4884] log-in
12:46:01 [7960] log-in
13:20:46 [8128] log-in
13:33:09 [4606] log-in
14:02:17 [3646] log-in
14:04:45 [4569] log-in
14:26:13 [4811] log-in
14:52:22 [1026] log-in
15:04:49 [1624] log-in
15:40:22 [2028] log-in
15:56:06 [2258] log-in
16:12:43 [9437] log-in
16:42:43 [7477] log-in
17:06:27 [2693] log-in
17:41:09 [2258] withdraw
17:53:29 [6633] log-out
18:15:59 [8749] log-out
18:30:11 [1265] log-out
18:42:56 [8465] log-out
18:52:26 [5748] log-out
19:05:51 [7677] log-out
19:08:04 [5050] log-out
19:13:25 [5503] log-out
19:23:54 [8011] log-out
19:50:09 [7056] log-out
19:52:09 [1944] log-out
19:56:31 [1692] log-out
20:32:06 [1117] log-out
20:38:12 [1528] log-out
20:49:28 [2243] log-out
21:11:31 [4884] log-out
21:36:05 [7960] log-out
21:48:24 [8128] log-out
22:01:47 [4606] log-out
22:20:21 [3646] log-out
22:41:28 [4569] log-out
22:42:05 [4811] log-out
23:12:47 [1026] log-out
23:15:48 [1624] log-out
23:19:03 [2028] log-out
23:27:26 [2258] log-out
23:44:29 [9437] log-out
00:03:39 [7477] log-out
00:23:45 [2693] log-out
07:35:05 [6633] log-in
08:02:28 [8749] log-in
08:12:10 [1265] log-in
08:19:55 [8465] log-in
08:25:29 [5748] log-in
08:57:52 [7677] log-in
09:23:59 [5050] log-in
09:54:40 [5503] log-in
10:14:10 [8011] log-in
10:32:13 [7056] log-in
10:46:50 [1944] log-in
10:54:57 [1692] log-in
11:17:36 [1117] log-in
11:27:41 [1528] log-in
11:48:46 [2243] log-in
12:22:23 [4884] log-in
12:48:32 [7960] log-in
13:09:38 [8128] log-in
13:35:16 [4606] log-in
13:57:37 [3646] log-in
14:27:48 [4569] log-in
14:43:10 [4811] log-in
15:12:19 [1026] log-in
15:32:41 [1624] log-in
15:57:01 [2028] log-in
16:21:22 [2258] log-in
16:55:01 [9437] log-in
17:20:04 [7477] log-in
17:27:07 [2693] log-in
17:37:14 [7477] withdraw
17:53:14 [6633] log-out
18:08:17 [8749] log-out
18:21:33 [1265] log-out
18:41:38 [8465] log-out
18:59:50 [5748] log-out
19:02:00 [7677] log-out
19:17:20 [5050] log-out
19:45:32 [5503] log-out
20:06:53 [8011] log-out
20:34:26 [7056] log-out
20:56:59 [1944] log-out
21:10:35 [1692] log-out
21:40:08 [1117] log-out
22:08:22 [1528] log-out
22:14:00 [2243] log-out
22:34:14 [4884] log-out
22:38:35 [7960] log-out
22:45:40 [8128] log-out
22:47:00 [4606] log-out
22:47:03 [3646] log-out
22:49:04 [4569] log-out
23:24:49 [4811] log-out
23:52:28 [1026] log-out
23:56:41 [1624] log-out
00:16:01 [2028] log-out
00:29:26 [2258] log-out
00:33:27 [9437] log-out
00:38:48 [7477] log-out
00:40:48 [2693] log-out
08:02:37 [6633] log-in
08:16:21 [8749] log-in
08:51:35 [1265] log-in
09:04:04 [8465] log-in
09:31:04 [5748] log-in
09:59:15 [7677] log-in
10:15:16 [5050] log-in
10:49:34 [5503] log-in
11:00:54 [8011] log-in
11:27:16 [7056] log-in
11:29:22 [1944] log-in
11:46:48 [1692] log-in
12:13:06 [1117] log-in
12:28:08 [1528] log-in
12:29:53 [2243] log-in
12:47:03 [4884] log-in
12:59:15 [7960] log-in
13:16:58 [8128] log-in
13:31:40 [4606] log-in
13:48:55 [3646] log-in
14:14:17 [4569] log-in
14:44:30 [4811] log-in
15:06:04 [1026] log-in
15:25:30 [1624] log-in
15:58:13 [2028] log-in
16:00:28 [2258] log-in
16:18:29 [9437] log-in
16:44:14 [7477] log-in
16:48:51 [2693] log-in
16:49:51 [4569] phone-call
17:05:29 [2693] phone-call
17:35:01 [1692] phone-call
17:47:34 [6633] log-out
18:04:53 [8749] log-out
18:14:59 [1265] log-out
18:44:23 [8465] log-out
19:07:36 [5748] log-out
19:20:08 [7677] log-out
19:32:13 [5050] log-out
19:56:45 [5503] log-out
20:12:20 [8011] log-out
20:29:32 [7056] log-out
20:59:45 [1944] log-out
21:08:08 [1692] log-out
21:21:34 [1117] log-out
21:32:36 [1528] log-out
21:41:05 [2243] log-out
21:48:13 [4884] log-out
22:16:27 [7960] log-out
22:30:54 [8128] log-out
22:39:11 [4606] log-out
22:49:25 [3646] log-out
23:15:32 [4569] log-out
23:40:01 [4811] log-out
23:56:31 [1026] log-out
00:13:16 [1624] log-out
00:21:28 [2028] log-out
00:49:02 [2258] log-out
00:59:15 [9437] log-out
01:17:45 [7477] log-out
01:23:50 [2693] log-out
07:54:37 [6633] log-in
08:24:48 [8749] log-in
08:35:02 [1265] log-in
09:06:23 [8465] log-in
09:09:57 [5748] log-in
09:29:37 [7677] log-in
09:36:53 [5050] log-in
09:55:24 [5503] log-in
10:06:06 [8011] log-in
10:41:15 [7056] log-in
11:00:24 [1944] log-in
11:01:33 [1692] log-in
11:14:18 [1117] log-in
11:19:24 [1528] log-in
11:49:07 [2243] log-in
12:11:46 [4884] log-in
12:14:57 [7960] log-in
12:32:08 [8128] log-in
12:34:30 [4606] log-in
13:06:08 [3646] log-in
13:38:21 [4569] log-in
13:55:05 [4811] log-in
14:09:39 [1026] log-in
14:31:08 [1624] log-in
14:36:10 [2028] log-in
14:41:41 [2258] log-in
14:59:15 [9437] log-in
15:21:19 [7477] log-in
15:56:29 [2693] log-in
16:26:35 [8011] phone-call
16:56:50 [6633] deposit
17:15:07 [4606] deposit
17:23:43 [1692] withdraw
17:36:53 [4811] withdraw
17:54:28 [6633] log-out
18:02:55 [8749] log-out
18:13:58 [1265] log-out
18:34:01 [8465] log-out
18:54:41 [5748] log-out
19:16:58 [7677] log-out
19:20:29 [5050] log-out
19:35:45 [5503] log-out
19:49:05 [8011] log-out
20:19:32 [7056] log-out
20:45:53 [1944] log-out
20:59:27 [1692] log-out
21:19:55 [1117] log-out
21:44:59 [1528] log-out
22:02:20 [2243] log-out
22:16:53 [4884] log-out
22:46:13 [7960] log-out
22:51:29 [8128] log-out
23:18:58 [4606] log-out
23:19:29 [3646] log-out
23:52:45 [4569] log-out
00:09:00 [4811] log-out
00:10:15 [1026] log-out
00:22:44 [1624] log-out
00:38:09 [2028] log-out
01:10:40 [2258] log-out
01:15:59 [9437] log-out
01:41:02 [7477] log-out
01:55:31 [2693] log-out
07:36:27 [6633] log-in
07:43:59 [8749] log-in
08:17:34 [1265] log-in
08:19:57 [8465] log-in
08:31:10 [5748] log-in
08:53:19 [7677] log-in
08:57:54 [5050] log-in
09:31:10 [5503] log-in
09:44:42 [8011] log-in
10:17:49 [7056] log-in
10:50:16 [1944] log-in
11:03:30 [1692] log-in
11:04:50 [1117] log-in
11:24:17 [1528] log-in
11:32:59 [2243] log-in
12:07:40 [4884] log-in
12:25:07 [7960] log-in
12:32:48 [8128] log-in
12:48:10 [4606] log-in
13:00:15 [3646] log-in
13:15:54 [4569] log-in
13:17:57 [4811] log-in
13:51:28 [1026] log-in
13:57:35 [1624] log-in
14:04:47 [2028] log-in
14:26:51 [2258] log-in
14:55:08 [9437] log-in
15:11:40 [7477] log-in
15:24:55 [2693] log-in
15:52:31 [9437] withdraw
16:12:02 [8011] deposit
16:21:30 [1692] phone-call
16:55:36 [3646] phone-call
17:30:39 [7477] withdraw
17:52:21 [6633] log-out
17:55:28 [8749] log-out
18:23:00 [1265] log-out
18:27:04 [8465] log-out
18:39:14 [5748] log-out
18:51:45 [7677] log-out
19:16:55 [5050] log-out
19:41:56 [5503] log-out
19:42:28 [8011] log-out
20:03:55 [7056] log-out
20:35:18 [1944] log-out
21:02:22 [1692] log-out
21:28:52 [1117] log-out
21:51:01 [1528] log-out
21:58:33 [2243] log-out
22:25:10 [4884] log-out
22:42:35 [7960] log-out
22:51:08 [8128] log-out
23:09:09 [4606] log-out
23:38:19 [3646] log-out
00:04:51 [4569] log-out
00:11:12 [4811] log-out
00:41:30 [1026] log-out
01:07:56 [1624] log-out
01:33:16 [2028] log-out
01:59:38 [2258] log-out
02:19:43 [9437] log-out
02:51:27 [7477] log-out
02:51:43 [2693] log-out
07:35:16 [6633] log-in
07:35:37 [8749] log-in
07:38:54 [1265] log-in
08:12:22 [8465] log-in
08:33:06 [5748] log-in
08:38:31 [7677] log-in
08:43:56 [5050] log-in
09:06:33 [5503] log-in
09:18:06 [8011] log-in
09:25:32 [7056] log-in
10:00:13 [1944] log-in
10:24:34 [1692] log-in
10:55:52 [1117] log-in
11:24:14 [1528] log-in
11:58:51 [2243] log-in
12:16:12 [4884] log-in
12:40:14 [7960] log-in
13:15:29 [8128] log-in
13:41:54 [4606] log-in
14:06:18 [3646] log-in
14:30:36 [4569] log-in
14:56:10 [4811] log-in
15:10:37 [1026] log-in
15:15:52 [1624] log-in
15:40:35 [2028] log-in
15:57:05 [2258] log-in
16:13:48 [9437] log-in
16:29:59 [7477] log-in
16:44:00 [2693] log-in
16:57:41 [4569] deposit
17:31:15 [1117] phone-call
18:03:36 [6633] log-out
18:36:47 [8749] log-out
18:52:08 [1265] log-out
19:18:33 [8465] log-out
19:34:52 [5748] log-out
19:35:53 [7677] log-out
20:08:59 [5050] log-out
20:26:31 [5503] log-out
20:50:06 [8011] log-out
20:51:06 [7056] log-out
20:58:21 [1944] log-out
21:23:42 [1692] log-out
21:27:18 [1117] log-out
21:49:28 [1528] log-out
22:24:32 [2243] log-out
22:32:06 [4884] log-out
22:42:49 [7960] log-out
23:11:17 [8128] log-out
23:16:36 [4606] log-out
23:27:39 [3646] log-out
00:02:01 [4569] log-out
00:25:14 [4811] log-out
00:42:26 [1026] log-out
00:49:01 [1624] log-out
01:24:11 [2028] log-out
01:34:38 [2258] log-out
01:45:16 [9437] log-out
02:13:18 [7477] log-out
02:36:27 [2693] log-out
07:52:43 [6633] log-in
08:14:17 [8749] log-in
08:25:20 [1265] log-in
08:37:49 [8465] log-in
09:10:20 [5748] log-in
09:24:55 [7677] log-in
09:32:55 [5050] log-in
09:54:21 [5503] log-in
10:07:43 [8011] log-in
10:18:19 [7056] log-in
10:45:46 [1944] log-in
11:04:08 [1692] log-in
11:20:38 [1117] log-in
11:31:55 [1528] log-in
11:34:05 [2243] log-in
12:01:12 [4884] log-in
12:21:12 [7960] log-in
12:30:44 [8128] log-in
12:38:24 [4606] log-in
12:44:09 [3646] log-in
12:47:35 [4569] log-in
13:04:12 [4811] log-in
13:06:23 [1026] log-in
13:25:43 [1624] log-in
13:49:25 [2028] log-in
14:14:44 [2258] log-in
14:23:00 [9437] log-in
14:37:44 [7477] log-in
15:02:12 [2693] log-in
15:18:52 [1944] withdraw
15:32:52 [8128] phone-call
15:36:56 [1528] deposit
15:44:21 [2243] deposit
15:50:59 [9437] withdraw
16:14:32 [2243] withdraw
16:43:10 [7477] deposit
17:18:26 [2028] phone-call
17:19:40 [2258] withdraw
17:48:58 [7056] withdraw
18:11:26 [6633] log-out
18:11:43 [8749] log-out
18:17:02 [1265] log-out
18:41:44 [8465] log-out
18:44:11 [5748] log-out
18:59:56 [7677] log-out
19:34:13 [5050] log-out
19:37:57 [5503] log-out
19:39:41 [8011] log-out
20:13:41 [7056] log-out
20:27:26 [1944] log-out
21:00:06 [1692] log-out
21:15:29 [1117] log-out
21:16:43 [1528] log-out
21:38:54 [2243] log-out
21:51:24 [4884] log-out
22:21:56 [7960] log-out
22:42:57 [8128] log-out
22:43:59 [4606] log-out
23:00:11 [3646] log-out
23:20:46 [4569] log-out
23:52:13 [4811] log-out
00:24:53 [1026] log-out
00:43:10 [1624] log-out
01:09:14 [2028] log-out
01:27:52 [2258] log-out
01:30:00 [9437] log-out
02:03:04 [7477] log-out
02:14:48 [2693] log-out
08:03:44 [6633] log-in
08:30:59 [8749] log-in
08:34:06 [1265] log-in
09:00:19 [8465] log-in
09:13:27 [5748] log-in
09:40:59 [7677] log-in
09:51:20 [5050] log-in
10:22:42 [5503] log-in
10:33:01 [8011] log-in
10:39:17 [7056] log-in
10:42:45 [1944] log-in
10:50:00 [1692] log-in
11:10:27 [1117] log-in
11:41:47 [1528] log-in
12:11:49 [2243] log-in
12:16:58 [4884] log-in
12:26:28 [7960] log-in
12:42:48 [8128] log-in
12:44:02 [4606] log-in
13:12:37 [3646] log-in
13:33:42 [4569] log-in
14:07:02 [4811] log-in
14:15:44 [1026] log-in
14:28:54 [1624] log-in
15:03:00 [2028] log-in
15:09:36 [2258] log-in
15:12:43 [9437] log-in
15:13:17 [7477] log-in
15:17:48 [2693] log-in
15:18:28 [4811] phone-call
15:46:53 [7960] phone-call
16:15:30 [1624] deposit
16:21:49 [7056] deposit
16:36:10 [4569] phone-call
16:43:49 [6633] withdraw
16:51:05 [2693] phone-call
16:51:37 [4811] deposit
16:53:58 [5748] phone-call
17:00:15 [1692] phone-call
17:35:21 [8465] deposit
17:43:54 [6633] log-out
18:04:13 [8749] log-out
18:16:41 [1265] log-out
18:44:18 [8465] log-out
19:13:30 [5748] log-out
19:38:11 [7677] log-out
19:43:39 [5050] log-out
19:46:19 [5503] log-out
20:03:40 [8011] log-out
20:09:42 [7056] log-out
20:19:22 [1944] log-out
20:51:39 [1692] log-out
20:55:17 [1117] log-out
21:05:35 [1528] log-out
21:06:01 [2243] log-out
21:15:39 [4884] log-out
21:47:19 [7960] log-out
22:20:46 [8128] log-out
22:35:28 [4606] log-out
23:07:43 [3646] log-out
23:33:03 [4569] log-out
23:39:04 [4811] log-out
00:06:25 [1026] log-out
00:27:57 [1624] log-out
00:49:14 [2028] log-out
00:49:44 [2258] log-out
00:55:07 [9437] log-out
01:08:15 [7477] log-out
01:42:53 [2693] log-out
08:05:45 [6633] log-in
08:20:00 [8749] log-in
08:46:07 [1265] log-in
09:16:31 [8465] log-in
09:51:10 [5748] log-in
10:01:40 [7677] log-in
10:03:12 [5050] log-in
10:23:17 [5503] log-in
10:37:26 [8011] log-in
10:42:04 [7056] log-in
10:56:07 [1944] log-in
11:06:12 [1692] log-in
11:30:25 [1117] log-in
11:50:34 [1528] log-in
12:13:48 [2243] log-in
12:30:24 [4884] log-in
12:47:30 [7960] log-in
13:06:05 [8128] log-in
13:07:12 [4606] log-in
13:39:55 [3646] log-in
14:04:02 [4569] log-in
14:28:39 [4811] log-in
14:31:49 [1026] log-in
14:49:07 [1624] log-in
15:03:41 [2028] log-in
15:32:06 [2258] log-in
15:33:33 [9437] log-in
15:54:43 [7477] log-in
16:09:09 [2693] log-in
16:13:27 [1265] phone-call
16:25:30 [2258] deposit
16:34:00 [6633] deposit
16:38:15 [4606] withdraw
17:05:51 [1117] withdraw
17:07:01 [7056] withdraw
17:23:20 [8749] withdraw
17:27:51 [5748] phone-call
17:28:53 [1117] deposit
17:57:37 [3646] withdraw
18:28:08 [6633] log-out
18:55:25 [8749] log-out
19:09:02 [1265] log-out
19:23:38 [8465] log-out
19:35:54 [5748] log-out
20:05:21 [7677] log-out
20:14:58 [5050] log-out
20:46:31 [5503] log-out
21:19:58 [8011] log-out
21:29:22 [7056] log-out
21:34:38 [1944] log-out
21:54:56 [1692] log-out
22:02:31 [1117] log-out
22:25:16 [1528] log-out
22:29:21 [2243] log-out
22:31:35 [4884] log-out
22:58:12 [7960] log-out
23:12:12 [8128] log-out
23:37:29 [4606] log-out
23:50:46 [3646] log-out
00:08:57 [4569] log-out
00:41:30 [4811] log-out
01:10:30 [1026] log-out
01:26:57 [1624] log-out
01:27:14 [2028] log-out
01:37:26 [2258] log-out
01:39:56 [9437] log-out
02:01:14 [7477] log-out
02:06:32 [2693] log-out